<?xml version="1.0" encoding="UTF-8"?>
<!-- Generated by org.testng.reporters.JUnitReportReporter -->
<testsuite hostname="KD" failures="0" tests="1" name="assessment.main.Category" time="10.532" errors="0" timestamp="2025-02-13T18:12:45 IST" skipped="0">
  <testcase classname="assessment.main.Category" name="searchproduct" time="10.532"/>
</testsuite> <!-- assessment.main.Category -->
