<?xml version="1.0" encoding="UTF-8"?>
<!-- Generated by org.testng.reporters.JUnitReportReporter -->
<testsuite hostname="KD" failures="0" tests="1" name="assessment.main.Category" time="14.074" errors="0" timestamp="2025-02-14T19:51:09 IST" skipped="0">
  <testcase classname="assessment.main.Category" name="searchproduct" time="14.074"/>
</testsuite> <!-- assessment.main.Category -->
