<?xml version="1.0" encoding="UTF-8"?>
<!-- Generated by org.testng.reporters.JUnitReportReporter -->
<testsuite hostname="KD" failures="0" tests="1" name="assessment.main.Category" time="16.461" errors="0" timestamp="2025-02-14T22:47:47 IST" skipped="0">
  <testcase classname="assessment.main.Category" name="searchproduct" time="16.461"/>
</testsuite> <!-- assessment.main.Category -->
