<?xml version="1.0" encoding="UTF-8"?>
<!-- Generated by org.testng.reporters.JUnitReportReporter -->
<testsuite hostname="KD" failures="0" tests="3" name="assessment.main.Home" time="10.561" errors="0" timestamp="2025-02-14T19:51:09 IST" skipped="0">
  <testcase classname="assessment.main.Home" name="Menuclick" time="5.086"/>
  <testcase classname="assessment.main.Home" name="cookieconsent" time="3.214"/>
  <testcase classname="assessment.main.Home" name="OpenHomepage" time="2.261"/>
</testsuite> <!-- assessment.main.Home -->
