<?xml version="1.0" encoding="UTF-8"?>
<!-- Generated by org.testng.reporters.JUnitReportReporter -->
<testsuite hostname="KD" failures="0" tests="3" name="assessment.main.Home" time="14.146" errors="0" timestamp="2025-02-14T22:47:47 IST" skipped="0">
  <testcase classname="assessment.main.Home" name="OpenHomepage" time="3.403"/>
  <testcase classname="assessment.main.Home" name="Menuclick" time="7.658"/>
  <testcase classname="assessment.main.Home" name="cookieconsent" time="3.085"/>
</testsuite> <!-- assessment.main.Home -->
