<?xml version="1.0" encoding="UTF-8"?>
<!-- Generated by org.testng.reporters.JUnitReportReporter -->
<testsuite hostname="KD" failures="0" tests="3" name="assessment.main.Home" time="14.538" errors="0" timestamp="2025-02-13T18:12:45 IST" skipped="0">
  <testcase classname="assessment.main.Home" name="OpenHomepage" time="2.709"/>
  <testcase classname="assessment.main.Home" name="cookieconsent" time="5.206"/>
  <testcase classname="assessment.main.Home" name="Menuclick" time="6.623"/>
</testsuite> <!-- assessment.main.Home -->
